{"C:\\Users\\satis\\Documents\\git\\crm-app-test\\server.js": {"path":"C:\\Users\\satis\\Documents\\git\\crm-app-test\\server.js","statementMap":{"0":{"start":{"line":1,"column":15},"end":{"line":1,"column":38}},"1":{"start":{"line":2,"column":16},"end":{"line":2,"column":34}},"2":{"start":{"line":3,"column":12},"end":{"line":3,"column":21}},"3":{"start":{"line":4,"column":21},"end":{"line":4,"column":54}},"4":{"start":{"line":5,"column":17},"end":{"line":5,"column":46}},"5":{"start":{"line":6,"column":17},"end":{"line":6,"column":36}},"6":{"start":{"line":8,"column":0},"end":{"line":8,"column":56}},"7":{"start":{"line":10,"column":0},"end":{"line":10,"column":49}},"8":{"start":{"line":12,"column":11},"end":{"line":12,"column":30}},"9":{"start":{"line":13,"column":0},"end":{"line":15,"column":3}},"10":{"start":{"line":14,"column":4},"end":{"line":14,"column":48}},"11":{"start":{"line":16,"column":0},"end":{"line":18,"column":3}},"12":{"start":{"line":17,"column":4},"end":{"line":17,"column":59}},"13":{"start":{"line":20,"column":0},"end":{"line":20,"column":23}},"14":{"start":{"line":22,"column":0},"end":{"line":22,"column":20}},"15":{"start":{"line":24,"column":0},"end":{"line":26,"column":2}},"16":{"start":{"line":25,"column":4},"end":{"line":25,"column":78}}},"fnMap":{"0":{"name":"(anonymous_0)","decl":{"start":{"line":13,"column":15},"end":{"line":13,"column":16}},"loc":{"start":{"line":13,"column":21},"end":{"line":15,"column":1}},"line":13},"1":{"name":"(anonymous_1)","decl":{"start":{"line":16,"column":16},"end":{"line":16,"column":17}},"loc":{"start":{"line":16,"column":22},"end":{"line":18,"column":1}},"line":16},"2":{"name":"(anonymous_2)","decl":{"start":{"line":24,"column":47},"end":{"line":24,"column":48}},"loc":{"start":{"line":24,"column":53},"end":{"line":26,"column":1}},"line":24}},"branchMap":{},"s":{"0":2,"1":2,"2":2,"3":2,"4":2,"5":2,"6":2,"7":2,"8":2,"9":2,"10":0,"11":2,"12":2,"13":2,"14":2,"15":2,"16":2},"f":{"0":0,"1":2,"2":2},"b":{},"_coverageSchema":"1a1c01bbd47fc00a2c39e90264f33305004495a9","hash":"cf74120fc2aa5642aad1e78345a354bb7f0e4d5a"}
,"C:\\Users\\satis\\Documents\\git\\crm-app-test\\config\\auth.config.js": {"path":"C:\\Users\\satis\\Documents\\git\\crm-app-test\\config\\auth.config.js","statementMap":{"0":{"start":{"line":1,"column":0},"end":{"line":1,"column":39}}},"fnMap":{},"branchMap":{},"s":{"0":4},"f":{},"b":{},"_coverageSchema":"1a1c01bbd47fc00a2c39e90264f33305004495a9","hash":"0085e25e0d3cc7a79eff5578d79af6f8b5ef87e9"}
,"C:\\Users\\satis\\Documents\\git\\crm-app-test\\config\\db.config.js": {"path":"C:\\Users\\satis\\Documents\\git\\crm-app-test\\config\\db.config.js","statementMap":{"0":{"start":{"line":1,"column":0},"end":{"line":4,"column":1}}},"fnMap":{},"branchMap":{"0":{"loc":{"start":{"line":3,"column":13},"end":{"line":3,"column":68}},"type":"binary-expr","locations":[{"start":{"line":3,"column":13},"end":{"line":3,"column":36}},{"start":{"line":3,"column":40},"end":{"line":3,"column":68}}],"line":3}},"s":{"0":2},"f":{},"b":{"0":[2,0]},"_coverageSchema":"1a1c01bbd47fc00a2c39e90264f33305004495a9","hash":"ecbc6f1a81e9ebbf3924cb9408175726367db12e"}
,"C:\\Users\\satis\\Documents\\git\\crm-app-test\\config\\server.config.js": {"path":"C:\\Users\\satis\\Documents\\git\\crm-app-test\\config\\server.config.js","statementMap":{"0":{"start":{"line":1,"column":0},"end":{"line":3,"column":1}},"1":{"start":{"line":2,"column":4},"end":{"line":2,"column":31}},"2":{"start":{"line":5,"column":0},"end":{"line":7,"column":1}}},"fnMap":{},"branchMap":{"0":{"loc":{"start":{"line":1,"column":0},"end":{"line":3,"column":1}},"type":"if","locations":[{"start":{"line":1,"column":0},"end":{"line":3,"column":1}},{"start":{},"end":{}}],"line":1}},"s":{"0":2,"1":2,"2":2},"f":{},"b":{"0":[2,0]},"_coverageSchema":"1a1c01bbd47fc00a2c39e90264f33305004495a9","hash":"79c0876b50712f0b4e5fd4e1c0ed70e89af51440"}
,"C:\\Users\\satis\\Documents\\git\\crm-app-test\\controllers\\auth.controller.js": {"path":"C:\\Users\\satis\\Documents\\git\\crm-app-test\\controllers\\auth.controller.js","statementMap":{"0":{"start":{"line":1,"column":13},"end":{"line":1,"column":44}},"1":{"start":{"line":2,"column":22},"end":{"line":2,"column":51}},"2":{"start":{"line":3,"column":18},"end":{"line":3,"column":47}},"3":{"start":{"line":4,"column":13},"end":{"line":4,"column":32}},"4":{"start":{"line":5,"column":10},"end":{"line":5,"column":33}},"5":{"start":{"line":6,"column":15},"end":{"line":6,"column":47}},"6":{"start":{"line":8,"column":0},"end":{"line":53,"column":1}},"7":{"start":{"line":10,"column":21},"end":{"line":10,"column":40}},"8":{"start":{"line":11,"column":4},"end":{"line":17,"column":5}},"9":{"start":{"line":12,"column":8},"end":{"line":16,"column":9}},"10":{"start":{"line":13,"column":12},"end":{"line":13,"column":55}},"11":{"start":{"line":15,"column":12},"end":{"line":15,"column":54}},"12":{"start":{"line":20,"column":20},"end":{"line":30,"column":5}},"13":{"start":{"line":31,"column":4},"end":{"line":31,"column":30}},"14":{"start":{"line":33,"column":4},"end":{"line":52,"column":5}},"15":{"start":{"line":34,"column":28},"end":{"line":34,"column":54}},"16":{"start":{"line":35,"column":8},"end":{"line":35,"column":34}},"17":{"start":{"line":36,"column":29},"end":{"line":44,"column":9}},"18":{"start":{"line":46,"column":8},"end":{"line":46,"column":43}},"19":{"start":{"line":48,"column":8},"end":{"line":48,"column":75}},"20":{"start":{"line":49,"column":8},"end":{"line":51,"column":11}},"21":{"start":{"line":55,"column":0},"end":{"line":93,"column":1}},"22":{"start":{"line":56,"column":17},"end":{"line":56,"column":64}},"23":{"start":{"line":57,"column":4},"end":{"line":57,"column":22}},"24":{"start":{"line":58,"column":4},"end":{"line":64,"column":5}},"25":{"start":{"line":60,"column":8},"end":{"line":62,"column":11}},"26":{"start":{"line":63,"column":8},"end":{"line":63,"column":15}},"27":{"start":{"line":65,"column":4},"end":{"line":70,"column":5}},"28":{"start":{"line":66,"column":8},"end":{"line":68,"column":10}},"29":{"start":{"line":69,"column":8},"end":{"line":69,"column":15}},"30":{"start":{"line":72,"column":26},"end":{"line":75,"column":5}},"31":{"start":{"line":76,"column":4},"end":{"line":81,"column":5}},"32":{"start":{"line":77,"column":8},"end":{"line":80,"column":11}},"33":{"start":{"line":82,"column":16},"end":{"line":84,"column":6}},"34":{"start":{"line":85,"column":4},"end":{"line":92,"column":7}}},"fnMap":{"0":{"name":"(anonymous_0)","decl":{"start":{"line":8,"column":17},"end":{"line":8,"column":18}},"loc":{"start":{"line":8,"column":37},"end":{"line":53,"column":1}},"line":8},"1":{"name":"(anonymous_1)","decl":{"start":{"line":55,"column":17},"end":{"line":55,"column":18}},"loc":{"start":{"line":55,"column":37},"end":{"line":93,"column":1}},"line":55}},"branchMap":{"0":{"loc":{"start":{"line":11,"column":4},"end":{"line":17,"column":5}},"type":"if","locations":[{"start":{"line":11,"column":4},"end":{"line":17,"column":5}},{"start":{},"end":{}}],"line":11},"1":{"loc":{"start":{"line":12,"column":8},"end":{"line":16,"column":9}},"type":"if","locations":[{"start":{"line":12,"column":8},"end":{"line":16,"column":9}},{"start":{"line":14,"column":15},"end":{"line":16,"column":9}}],"line":12},"2":{"loc":{"start":{"line":12,"column":12},"end":{"line":12,"column":73}},"type":"binary-expr","locations":[{"start":{"line":12,"column":12},"end":{"line":12,"column":30}},{"start":{"line":12,"column":34},"end":{"line":12,"column":73}}],"line":12},"3":{"loc":{"start":{"line":58,"column":4},"end":{"line":64,"column":5}},"type":"if","locations":[{"start":{"line":58,"column":4},"end":{"line":64,"column":5}},{"start":{},"end":{}}],"line":58},"4":{"loc":{"start":{"line":65,"column":4},"end":{"line":70,"column":5}},"type":"if","locations":[{"start":{"line":65,"column":4},"end":{"line":70,"column":5}},{"start":{},"end":{}}],"line":65},"5":{"loc":{"start":{"line":76,"column":4},"end":{"line":81,"column":5}},"type":"if","locations":[{"start":{"line":76,"column":4},"end":{"line":81,"column":5}},{"start":{},"end":{}}],"line":76}},"s":{"0":4,"1":4,"2":4,"3":4,"4":4,"5":4,"6":4,"7":1,"8":1,"9":1,"10":1,"11":0,"12":1,"13":1,"14":1,"15":1,"16":1,"17":1,"18":1,"19":0,"20":0,"21":4,"22":1,"23":1,"24":1,"25":0,"26":0,"27":1,"28":0,"29":0,"30":1,"31":1,"32":0,"33":1,"34":1},"f":{"0":1,"1":1},"b":{"0":[1,0],"1":[1,0],"2":[1,1],"3":[0,1],"4":[0,1],"5":[0,1]},"_coverageSchema":"1a1c01bbd47fc00a2c39e90264f33305004495a9","hash":"5d127a7970709da171d14e6f9ec7b29b33287a1b"}
,"C:\\Users\\satis\\Documents\\git\\crm-app-test\\controllers\\findAll.controller.js": {"path":"C:\\Users\\satis\\Documents\\git\\crm-app-test\\controllers\\findAll.controller.js","statementMap":{"0":{"start":{"line":1,"column":13},"end":{"line":1,"column":44}},"1":{"start":{"line":2,"column":24},"end":{"line":2,"column":59}},"2":{"start":{"line":4,"column":0},"end":{"line":78,"column":1}},"3":{"start":{"line":6,"column":22},"end":{"line":6,"column":40}},"4":{"start":{"line":7,"column":24},"end":{"line":7,"column":44}},"5":{"start":{"line":8,"column":18},"end":{"line":8,"column":32}},"6":{"start":{"line":9,"column":4},"end":{"line":9,"column":26}},"7":{"start":{"line":11,"column":4},"end":{"line":69,"column":5}},"8":{"start":{"line":12,"column":8},"end":{"line":21,"column":9}},"9":{"start":{"line":13,"column":12},"end":{"line":15,"column":22}},"10":{"start":{"line":17,"column":12},"end":{"line":17,"column":86}},"11":{"start":{"line":18,"column":12},"end":{"line":20,"column":14}},"12":{"start":{"line":22,"column":11},"end":{"line":69,"column":5}},"13":{"start":{"line":23,"column":8},"end":{"line":33,"column":9}},"14":{"start":{"line":24,"column":12},"end":{"line":27,"column":22}},"15":{"start":{"line":29,"column":12},"end":{"line":29,"column":121}},"16":{"start":{"line":30,"column":12},"end":{"line":32,"column":14}},"17":{"start":{"line":34,"column":11},"end":{"line":69,"column":5}},"18":{"start":{"line":36,"column":8},"end":{"line":45,"column":9}},"19":{"start":{"line":37,"column":12},"end":{"line":39,"column":22}},"20":{"start":{"line":41,"column":12},"end":{"line":41,"column":88}},"21":{"start":{"line":42,"column":12},"end":{"line":44,"column":14}},"22":{"start":{"line":46,"column":11},"end":{"line":69,"column":5}},"23":{"start":{"line":48,"column":8},"end":{"line":58,"column":9}},"24":{"start":{"line":49,"column":12},"end":{"line":51,"column":22}},"25":{"start":{"line":54,"column":12},"end":{"line":54,"column":92}},"26":{"start":{"line":55,"column":12},"end":{"line":57,"column":14}},"27":{"start":{"line":60,"column":8},"end":{"line":68,"column":9}},"28":{"start":{"line":61,"column":12},"end":{"line":61,"column":45}},"29":{"start":{"line":64,"column":12},"end":{"line":64,"column":61}},"30":{"start":{"line":65,"column":12},"end":{"line":67,"column":14}},"31":{"start":{"line":71,"column":4},"end":{"line":77,"column":5}},"32":{"start":{"line":72,"column":8},"end":{"line":72,"column":66}},"33":{"start":{"line":74,"column":8},"end":{"line":76,"column":10}}},"fnMap":{"0":{"name":"(anonymous_0)","decl":{"start":{"line":4,"column":18},"end":{"line":4,"column":19}},"loc":{"start":{"line":4,"column":38},"end":{"line":78,"column":1}},"line":4}},"branchMap":{"0":{"loc":{"start":{"line":11,"column":4},"end":{"line":69,"column":5}},"type":"if","locations":[{"start":{"line":11,"column":4},"end":{"line":69,"column":5}},{"start":{"line":22,"column":11},"end":{"line":69,"column":5}}],"line":11},"1":{"loc":{"start":{"line":22,"column":11},"end":{"line":69,"column":5}},"type":"if","locations":[{"start":{"line":22,"column":11},"end":{"line":69,"column":5}},{"start":{"line":34,"column":11},"end":{"line":69,"column":5}}],"line":22},"2":{"loc":{"start":{"line":22,"column":15},"end":{"line":22,"column":43}},"type":"binary-expr","locations":[{"start":{"line":22,"column":15},"end":{"line":22,"column":26}},{"start":{"line":22,"column":30},"end":{"line":22,"column":43}}],"line":22},"3":{"loc":{"start":{"line":34,"column":11},"end":{"line":69,"column":5}},"type":"if","locations":[{"start":{"line":34,"column":11},"end":{"line":69,"column":5}},{"start":{"line":46,"column":11},"end":{"line":69,"column":5}}],"line":34},"4":{"loc":{"start":{"line":46,"column":11},"end":{"line":69,"column":5}},"type":"if","locations":[{"start":{"line":46,"column":11},"end":{"line":69,"column":5}},{"start":{"line":59,"column":11},"end":{"line":69,"column":5}}],"line":46},"5":{"loc":{"start":{"line":71,"column":4},"end":{"line":77,"column":5}},"type":"if","locations":[{"start":{"line":71,"column":4},"end":{"line":77,"column":5}},{"start":{"line":73,"column":11},"end":{"line":77,"column":5}}],"line":71}},"s":{"0":4,"1":4,"2":4,"3":1,"4":1,"5":1,"6":1,"7":1,"8":0,"9":0,"10":0,"11":0,"12":1,"13":0,"14":0,"15":0,"16":0,"17":1,"18":1,"19":1,"20":0,"21":0,"22":0,"23":0,"24":0,"25":0,"26":0,"27":0,"28":0,"29":0,"30":0,"31":1,"32":1,"33":0},"f":{"0":1},"b":{"0":[0,1],"1":[0,1],"2":[1,1],"3":[1,0],"4":[0,0],"5":[1,0]},"_coverageSchema":"1a1c01bbd47fc00a2c39e90264f33305004495a9","hash":"872b7470270208aca8d174938082b66eb51f3ff8"}
,"C:\\Users\\satis\\Documents\\git\\crm-app-test\\controllers\\findById.controller.js": {"path":"C:\\Users\\satis\\Documents\\git\\crm-app-test\\controllers\\findById.controller.js","statementMap":{"0":{"start":{"line":1,"column":13},"end":{"line":1,"column":44}},"1":{"start":{"line":2,"column":24},"end":{"line":2,"column":59}},"2":{"start":{"line":4,"column":0},"end":{"line":24,"column":1}},"3":{"start":{"line":5,"column":4},"end":{"line":23,"column":5}},"4":{"start":{"line":6,"column":26},"end":{"line":6,"column":43}},"5":{"start":{"line":8,"column":21},"end":{"line":10,"column":17}},"6":{"start":{"line":11,"column":8},"end":{"line":17,"column":9}},"7":{"start":{"line":12,"column":12},"end":{"line":12,"column":69}},"8":{"start":{"line":14,"column":12},"end":{"line":16,"column":14}},"9":{"start":{"line":19,"column":8},"end":{"line":19,"column":71}},"10":{"start":{"line":20,"column":8},"end":{"line":22,"column":10}}},"fnMap":{"0":{"name":"(anonymous_0)","decl":{"start":{"line":4,"column":19},"end":{"line":4,"column":20}},"loc":{"start":{"line":4,"column":39},"end":{"line":24,"column":1}},"line":4}},"branchMap":{"0":{"loc":{"start":{"line":11,"column":8},"end":{"line":17,"column":9}},"type":"if","locations":[{"start":{"line":11,"column":8},"end":{"line":17,"column":9}},{"start":{"line":13,"column":15},"end":{"line":17,"column":9}}],"line":11}},"s":{"0":3,"1":3,"2":3,"3":1,"4":1,"5":1,"6":1,"7":1,"8":0,"9":0,"10":0},"f":{"0":1},"b":{"0":[1,0]},"_coverageSchema":"1a1c01bbd47fc00a2c39e90264f33305004495a9","hash":"bc5a522eb4510040da6c9ad4f6478fba6d3f5413"}
,"C:\\Users\\satis\\Documents\\git\\crm-app-test\\controllers\\ticket.controller.js": {"path":"C:\\Users\\satis\\Documents\\git\\crm-app-test\\controllers\\ticket.controller.js","statementMap":{"0":{"start":{"line":1,"column":15},"end":{"line":1,"column":48}},"1":{"start":{"line":2,"column":13},"end":{"line":2,"column":44}},"2":{"start":{"line":3,"column":32},"end":{"line":3,"column":61}},"3":{"start":{"line":4,"column":24},"end":{"line":4,"column":59}},"4":{"start":{"line":5,"column":20},"end":{"line":5,"column":58}},"5":{"start":{"line":7,"column":0},"end":{"line":74,"column":1}},"6":{"start":{"line":10,"column":23},"end":{"line":16,"column":5}},"7":{"start":{"line":18,"column":4},"end":{"line":28,"column":5}},"8":{"start":{"line":19,"column":8},"end":{"line":22,"column":11}},"9":{"start":{"line":25,"column":8},"end":{"line":27,"column":10}},"10":{"start":{"line":31,"column":4},"end":{"line":31,"column":44}},"11":{"start":{"line":33,"column":4},"end":{"line":73,"column":5}},"12":{"start":{"line":34,"column":23},"end":{"line":34,"column":56}},"13":{"start":{"line":36,"column":8},"end":{"line":68,"column":9}},"14":{"start":{"line":37,"column":29},"end":{"line":39,"column":14}},"15":{"start":{"line":41,"column":12},"end":{"line":46,"column":13}},"16":{"start":{"line":42,"column":16},"end":{"line":42,"column":57}},"17":{"start":{"line":45,"column":16},"end":{"line":45,"column":55}},"18":{"start":{"line":47,"column":12},"end":{"line":47,"column":28}},"19":{"start":{"line":48,"column":12},"end":{"line":53,"column":13}},"20":{"start":{"line":49,"column":16},"end":{"line":49,"column":58}},"21":{"start":{"line":52,"column":16},"end":{"line":52,"column":56}},"22":{"start":{"line":54,"column":12},"end":{"line":54,"column":28}},"23":{"start":{"line":59,"column":12},"end":{"line":65,"column":13}},"24":{"start":{"line":67,"column":12},"end":{"line":67,"column":74}},"25":{"start":{"line":70,"column":8},"end":{"line":72,"column":11}},"26":{"start":{"line":76,"column":0},"end":{"line":109,"column":1}},"27":{"start":{"line":78,"column":4},"end":{"line":84,"column":5}},"28":{"start":{"line":79,"column":8},"end":{"line":79,"column":63}},"29":{"start":{"line":81,"column":8},"end":{"line":83,"column":10}},"30":{"start":{"line":86,"column":22},"end":{"line":86,"column":24}},"31":{"start":{"line":87,"column":4},"end":{"line":90,"column":5}},"32":{"start":{"line":89,"column":8},"end":{"line":89,"column":45}},"33":{"start":{"line":92,"column":4},"end":{"line":97,"column":5}},"34":{"start":{"line":93,"column":8},"end":{"line":93,"column":42}},"35":{"start":{"line":95,"column":9},"end":{"line":97,"column":5}},"36":{"start":{"line":96,"column":8},"end":{"line":96,"column":42}},"37":{"start":{"line":100,"column":4},"end":{"line":106,"column":5}},"38":{"start":{"line":101,"column":8},"end":{"line":101,"column":56}},"39":{"start":{"line":103,"column":8},"end":{"line":105,"column":10}},"40":{"start":{"line":108,"column":4},"end":{"line":108,"column":71}},"41":{"start":{"line":111,"column":0},"end":{"line":123,"column":1}},"42":{"start":{"line":112,"column":4},"end":{"line":122,"column":5}},"43":{"start":{"line":113,"column":23},"end":{"line":115,"column":17}},"44":{"start":{"line":117,"column":8},"end":{"line":117,"column":70}},"45":{"start":{"line":119,"column":8},"end":{"line":121,"column":10}},"46":{"start":{"line":125,"column":0},"end":{"line":164,"column":1}},"47":{"start":{"line":126,"column":4},"end":{"line":163,"column":5}},"48":{"start":{"line":127,"column":23},"end":{"line":127,"column":71}},"49":{"start":{"line":129,"column":21},"end":{"line":129,"column":68}},"50":{"start":{"line":131,"column":8},"end":{"line":158,"column":9}},"51":{"start":{"line":137,"column":12},"end":{"line":137,"column":91}},"52":{"start":{"line":139,"column":34},"end":{"line":139,"column":53}},"53":{"start":{"line":144,"column":13},"end":{"line":150,"column":13}},"54":{"start":{"line":152,"column":12},"end":{"line":152,"column":48}},"55":{"start":{"line":155,"column":12},"end":{"line":157,"column":14}},"56":{"start":{"line":160,"column":8},"end":{"line":162,"column":10}}},"fnMap":{"0":{"name":"(anonymous_0)","decl":{"start":{"line":7,"column":23},"end":{"line":7,"column":24}},"loc":{"start":{"line":7,"column":42},"end":{"line":74,"column":1}},"line":7},"1":{"name":"(anonymous_1)","decl":{"start":{"line":76,"column":24},"end":{"line":76,"column":25}},"loc":{"start":{"line":76,"column":44},"end":{"line":109,"column":1}},"line":76},"2":{"name":"(anonymous_2)","decl":{"start":{"line":111,"column":24},"end":{"line":111,"column":25}},"loc":{"start":{"line":111,"column":44},"end":{"line":123,"column":1}},"line":111},"3":{"name":"(anonymous_3)","decl":{"start":{"line":125,"column":23},"end":{"line":125,"column":24}},"loc":{"start":{"line":125,"column":42},"end":{"line":164,"column":1}},"line":125}},"branchMap":{"0":{"loc":{"start":{"line":36,"column":8},"end":{"line":68,"column":9}},"type":"if","locations":[{"start":{"line":36,"column":8},"end":{"line":68,"column":9}},{"start":{},"end":{}}],"line":36},"1":{"loc":{"start":{"line":41,"column":12},"end":{"line":46,"column":13}},"type":"if","locations":[{"start":{"line":41,"column":12},"end":{"line":46,"column":13}},{"start":{"line":44,"column":17},"end":{"line":46,"column":13}}],"line":41},"2":{"loc":{"start":{"line":48,"column":12},"end":{"line":53,"column":13}},"type":"if","locations":[{"start":{"line":48,"column":12},"end":{"line":53,"column":13}},{"start":{"line":51,"column":17},"end":{"line":53,"column":13}}],"line":48},"3":{"loc":{"start":{"line":87,"column":4},"end":{"line":90,"column":5}},"type":"if","locations":[{"start":{"line":87,"column":4},"end":{"line":90,"column":5}},{"start":{},"end":{}}],"line":87},"4":{"loc":{"start":{"line":92,"column":4},"end":{"line":97,"column":5}},"type":"if","locations":[{"start":{"line":92,"column":4},"end":{"line":97,"column":5}},{"start":{"line":95,"column":9},"end":{"line":97,"column":5}}],"line":92},"5":{"loc":{"start":{"line":95,"column":9},"end":{"line":97,"column":5}},"type":"if","locations":[{"start":{"line":95,"column":9},"end":{"line":97,"column":5}},{"start":{},"end":{}}],"line":95},"6":{"loc":{"start":{"line":131,"column":8},"end":{"line":158,"column":9}},"type":"if","locations":[{"start":{"line":131,"column":8},"end":{"line":158,"column":9}},{"start":{"line":154,"column":13},"end":{"line":158,"column":9}}],"line":131},"7":{"loc":{"start":{"line":132,"column":12},"end":{"line":134,"column":41}},"type":"binary-expr","locations":[{"start":{"line":132,"column":12},"end":{"line":132,"column":36}},{"start":{"line":133,"column":12},"end":{"line":133,"column":41}},{"start":{"line":134,"column":12},"end":{"line":134,"column":41}}],"line":132},"8":{"loc":{"start":{"line":137,"column":28},"end":{"line":137,"column":90}},"type":"cond-expr","locations":[{"start":{"line":137,"column":59},"end":{"line":137,"column":74}},{"start":{"line":137,"column":77},"end":{"line":137,"column":90}}],"line":137}},"s":{"0":3,"1":3,"2":3,"3":3,"4":3,"5":3,"6":0,"7":0,"8":0,"9":0,"10":0,"11":0,"12":0,"13":0,"14":0,"15":0,"16":0,"17":0,"18":0,"19":0,"20":0,"21":0,"22":0,"23":0,"24":0,"25":0,"26":3,"27":0,"28":0,"29":0,"30":0,"31":0,"32":0,"33":0,"34":0,"35":0,"36":0,"37":0,"38":0,"39":0,"40":0,"41":3,"42":0,"43":0,"44":0,"45":0,"46":3,"47":0,"48":0,"49":0,"50":0,"51":0,"52":0,"53":0,"54":0,"55":0,"56":0},"f":{"0":0,"1":0,"2":0,"3":0},"b":{"0":[0,0],"1":[0,0],"2":[0,0],"3":[0,0],"4":[0,0],"5":[0,0],"6":[0,0],"7":[0,0,0],"8":[0,0]},"_coverageSchema":"1a1c01bbd47fc00a2c39e90264f33305004495a9","hash":"a276804317f189edce4dc509174a15c94822d0b9"}
,"C:\\Users\\satis\\Documents\\git\\crm-app-test\\controllers\\update.controller.js": {"path":"C:\\Users\\satis\\Documents\\git\\crm-app-test\\controllers\\update.controller.js","statementMap":{"0":{"start":{"line":1,"column":13},"end":{"line":1,"column":44}},"1":{"start":{"line":3,"column":0},"end":{"line":22,"column":1}},"2":{"start":{"line":4,"column":22},"end":{"line":4,"column":39}},"3":{"start":{"line":5,"column":4},"end":{"line":21,"column":5}},"4":{"start":{"line":6,"column":21},"end":{"line":12,"column":17}},"5":{"start":{"line":13,"column":8},"end":{"line":15,"column":11}},"6":{"start":{"line":17,"column":8},"end":{"line":17,"column":70}},"7":{"start":{"line":18,"column":8},"end":{"line":20,"column":10}}},"fnMap":{"0":{"name":"(anonymous_0)","decl":{"start":{"line":3,"column":17},"end":{"line":3,"column":18}},"loc":{"start":{"line":3,"column":37},"end":{"line":22,"column":1}},"line":3}},"branchMap":{},"s":{"0":3,"1":3,"2":1,"3":1,"4":1,"5":1,"6":0,"7":0},"f":{"0":1},"b":{},"_coverageSchema":"1a1c01bbd47fc00a2c39e90264f33305004495a9","hash":"a522bfe15b80a0f3f78a6c40157dc61d4f775ad6"}
,"C:\\Users\\satis\\Documents\\git\\crm-app-test\\models\\ticket.model.js": {"path":"C:\\Users\\satis\\Documents\\git\\crm-app-test\\models\\ticket.model.js","statementMap":{"0":{"start":{"line":1,"column":17},"end":{"line":1,"column":36}},"1":{"start":{"line":3,"column":21},"end":{"line":37,"column":2}},"2":{"start":{"line":27,"column":12},"end":{"line":27,"column":29}},"3":{"start":{"line":33,"column":12},"end":{"line":33,"column":29}},"4":{"start":{"line":39,"column":0},"end":{"line":39,"column":56}}},"fnMap":{"0":{"name":"(anonymous_0)","decl":{"start":{"line":26,"column":17},"end":{"line":26,"column":18}},"loc":{"start":{"line":26,"column":21},"end":{"line":28,"column":9}},"line":26},"1":{"name":"(anonymous_1)","decl":{"start":{"line":32,"column":17},"end":{"line":32,"column":18}},"loc":{"start":{"line":32,"column":21},"end":{"line":34,"column":9}},"line":32}},"branchMap":{},"s":{"0":3,"1":3,"2":0,"3":0,"4":3},"f":{"0":0,"1":0},"b":{},"_coverageSchema":"1a1c01bbd47fc00a2c39e90264f33305004495a9","hash":"d25920a69380aa402e1bca70fa3880a2b845bede"}
,"C:\\Users\\satis\\Documents\\git\\crm-app-test\\models\\user.model.js": {"path":"C:\\Users\\satis\\Documents\\git\\crm-app-test\\models\\user.model.js","statementMap":{"0":{"start":{"line":1,"column":17},"end":{"line":1,"column":36}},"1":{"start":{"line":3,"column":19},"end":{"line":56,"column":2}},"2":{"start":{"line":29,"column":12},"end":{"line":29,"column":30}},"3":{"start":{"line":35,"column":12},"end":{"line":35,"column":30}},"4":{"start":{"line":58,"column":0},"end":{"line":58,"column":52}}},"fnMap":{"0":{"name":"(anonymous_0)","decl":{"start":{"line":28,"column":17},"end":{"line":28,"column":18}},"loc":{"start":{"line":28,"column":23},"end":{"line":30,"column":9}},"line":28},"1":{"name":"(anonymous_1)","decl":{"start":{"line":34,"column":17},"end":{"line":34,"column":18}},"loc":{"start":{"line":34,"column":23},"end":{"line":36,"column":9}},"line":34}},"branchMap":{},"s":{"0":9,"1":9,"2":2,"3":2,"4":9},"f":{"0":2,"1":2},"b":{},"_coverageSchema":"1a1c01bbd47fc00a2c39e90264f33305004495a9","hash":"7509ee590f934fa270e0cd67aeb2e9d887293a12"}
,"C:\\Users\\satis\\Documents\\git\\crm-app-test\\routes\\api.js": {"path":"C:\\Users\\satis\\Documents\\git\\crm-app-test\\routes\\api.js","statementMap":{"0":{"start":{"line":1,"column":16},"end":{"line":1,"column":34}},"1":{"start":{"line":2,"column":15},"end":{"line":2,"column":31}},"2":{"start":{"line":4,"column":19},"end":{"line":4,"column":43}},"3":{"start":{"line":7,"column":0},"end":{"line":7,"column":19}},"4":{"start":{"line":9,"column":0},"end":{"line":9,"column":23}}},"fnMap":{},"branchMap":{},"s":{"0":2,"1":2,"2":2,"3":2,"4":2},"f":{},"b":{},"_coverageSchema":"1a1c01bbd47fc00a2c39e90264f33305004495a9","hash":"c2e078eff47983d52e3e8420b99e242d1694fb69"}
,"C:\\Users\\satis\\Documents\\git\\crm-app-test\\routes\\auth.routes.js": {"path":"C:\\Users\\satis\\Documents\\git\\crm-app-test\\routes\\auth.routes.js","statementMap":{"0":{"start":{"line":1,"column":23},"end":{"line":1,"column":64}},"1":{"start":{"line":2,"column":26},"end":{"line":2,"column":70}},"2":{"start":{"line":3,"column":27},"end":{"line":3,"column":72}},"3":{"start":{"line":4,"column":25},"end":{"line":4,"column":68}},"4":{"start":{"line":5,"column":25},"end":{"line":5,"column":68}},"5":{"start":{"line":6,"column":18},"end":{"line":6,"column":51}},"6":{"start":{"line":7,"column":18},"end":{"line":7,"column":45}},"7":{"start":{"line":8,"column":23},"end":{"line":8,"column":63}},"8":{"start":{"line":9,"column":25},"end":{"line":9,"column":59}},"9":{"start":{"line":11,"column":0},"end":{"line":33,"column":1}},"10":{"start":{"line":12,"column":4},"end":{"line":15,"column":6}},"11":{"start":{"line":13,"column":8},"end":{"line":13,"column":30}},"12":{"start":{"line":14,"column":8},"end":{"line":14,"column":14}},"13":{"start":{"line":16,"column":4},"end":{"line":16,"column":66}},"14":{"start":{"line":18,"column":4},"end":{"line":18,"column":66}},"15":{"start":{"line":20,"column":4},"end":{"line":20,"column":95}},"16":{"start":{"line":22,"column":4},"end":{"line":22,"column":105}},"17":{"start":{"line":24,"column":4},"end":{"line":24,"column":101}},"18":{"start":{"line":26,"column":4},"end":{"line":26,"column":135}},"19":{"start":{"line":28,"column":4},"end":{"line":28,"column":93}},"20":{"start":{"line":30,"column":4},"end":{"line":30,"column":97}},"21":{"start":{"line":32,"column":4},"end":{"line":32,"column":112}}},"fnMap":{"0":{"name":"(anonymous_0)","decl":{"start":{"line":11,"column":17},"end":{"line":11,"column":18}},"loc":{"start":{"line":11,"column":33},"end":{"line":33,"column":1}},"line":11},"1":{"name":"(anonymous_1)","decl":{"start":{"line":12,"column":15},"end":{"line":12,"column":16}},"loc":{"start":{"line":12,"column":35},"end":{"line":15,"column":5}},"line":12}},"branchMap":{},"s":{"0":2,"1":2,"2":2,"3":2,"4":2,"5":2,"6":2,"7":2,"8":2,"9":2,"10":2,"11":5,"12":5,"13":2,"14":2,"15":2,"16":2,"17":2,"18":2,"19":2,"20":2,"21":2},"f":{"0":2,"1":5},"b":{},"_coverageSchema":"1a1c01bbd47fc00a2c39e90264f33305004495a9","hash":"c90bfd3f62d5c923e84678debe9a60e8a4140421"}
,"C:\\Users\\satis\\Documents\\git\\crm-app-test\\tests\\db.js": {"path":"C:\\Users\\satis\\Documents\\git\\crm-app-test\\tests\\db.js","statementMap":{"0":{"start":{"line":1,"column":17},"end":{"line":1,"column":36}},"1":{"start":{"line":2,"column":28},"end":{"line":2,"column":60}},"2":{"start":{"line":6,"column":0},"end":{"line":12,"column":1}},"3":{"start":{"line":7,"column":4},"end":{"line":11,"column":5}},"4":{"start":{"line":8,"column":8},"end":{"line":8,"column":50}},"5":{"start":{"line":9,"column":20},"end":{"line":9,"column":35}},"6":{"start":{"line":10,"column":8},"end":{"line":10,"column":36}},"7":{"start":{"line":14,"column":0},"end":{"line":20,"column":1}},"8":{"start":{"line":15,"column":4},"end":{"line":15,"column":45}},"9":{"start":{"line":16,"column":4},"end":{"line":16,"column":38}},"10":{"start":{"line":17,"column":4},"end":{"line":19,"column":5}},"11":{"start":{"line":18,"column":8},"end":{"line":18,"column":28}},"12":{"start":{"line":22,"column":0},"end":{"line":28,"column":1}},"13":{"start":{"line":23,"column":24},"end":{"line":23,"column":55}},"14":{"start":{"line":24,"column":4},"end":{"line":27,"column":5}},"15":{"start":{"line":25,"column":27},"end":{"line":25,"column":43}},"16":{"start":{"line":26,"column":8},"end":{"line":26,"column":38}}},"fnMap":{"0":{"name":"(anonymous_0)","decl":{"start":{"line":6,"column":18},"end":{"line":6,"column":19}},"loc":{"start":{"line":6,"column":30},"end":{"line":12,"column":1}},"line":6},"1":{"name":"(anonymous_1)","decl":{"start":{"line":14,"column":24},"end":{"line":14,"column":25}},"loc":{"start":{"line":14,"column":36},"end":{"line":20,"column":1}},"line":14},"2":{"name":"(anonymous_2)","decl":{"start":{"line":22,"column":24},"end":{"line":22,"column":25}},"loc":{"start":{"line":22,"column":36},"end":{"line":28,"column":1}},"line":22}},"branchMap":{"0":{"loc":{"start":{"line":7,"column":4},"end":{"line":11,"column":5}},"type":"if","locations":[{"start":{"line":7,"column":4},"end":{"line":11,"column":5}},{"start":{},"end":{}}],"line":7},"1":{"loc":{"start":{"line":17,"column":4},"end":{"line":19,"column":5}},"type":"if","locations":[{"start":{"line":17,"column":4},"end":{"line":19,"column":5}},{"start":{},"end":{}}],"line":17}},"s":{"0":7,"1":7,"2":7,"3":0,"4":0,"5":0,"6":0,"7":7,"8":2,"9":2,"10":2,"11":0,"12":7,"13":2,"14":2,"15":4,"16":4},"f":{"0":0,"1":2,"2":2},"b":{"0":[0,0],"1":[0,2]},"_coverageSchema":"1a1c01bbd47fc00a2c39e90264f33305004495a9","hash":"fe471aba7fed383a242bda946516a49051a359ed"}
,"C:\\Users\\satis\\Documents\\git\\crm-app-test\\tests\\interceptor.js": {"path":"C:\\Users\\satis\\Documents\\git\\crm-app-test\\tests\\interceptor.js","statementMap":{"0":{"start":{"line":1,"column":0},"end":{"line":6,"column":1}},"1":{"start":{"line":2,"column":16},"end":{"line":2,"column":18}},"2":{"start":{"line":3,"column":4},"end":{"line":3,"column":46}},"3":{"start":{"line":4,"column":4},"end":{"line":4,"column":48}},"4":{"start":{"line":5,"column":4},"end":{"line":5,"column":15}},"5":{"start":{"line":8,"column":0},"end":{"line":14,"column":1}},"6":{"start":{"line":9,"column":16},"end":{"line":9,"column":18}},"7":{"start":{"line":10,"column":4},"end":{"line":10,"column":48}},"8":{"start":{"line":11,"column":4},"end":{"line":11,"column":46}},"9":{"start":{"line":12,"column":4},"end":{"line":12,"column":46}},"10":{"start":{"line":13,"column":4},"end":{"line":13,"column":15}}},"fnMap":{"0":{"name":"(anonymous_0)","decl":{"start":{"line":1,"column":22},"end":{"line":1,"column":23}},"loc":{"start":{"line":1,"column":28},"end":{"line":6,"column":1}},"line":1},"1":{"name":"(anonymous_1)","decl":{"start":{"line":8,"column":23},"end":{"line":8,"column":24}},"loc":{"start":{"line":8,"column":29},"end":{"line":14,"column":1}},"line":8}},"branchMap":{},"s":{"0":7,"1":0,"2":0,"3":0,"4":0,"5":7,"6":0,"7":0,"8":0,"9":0,"10":0},"f":{"0":0,"1":0},"b":{},"_coverageSchema":"1a1c01bbd47fc00a2c39e90264f33305004495a9","hash":"11e7cf1410ccf077546d57e9bde6aed79933771f"}
,"C:\\Users\\satis\\Documents\\git\\crm-app-test\\utils\\NotificationClient.js": {"path":"C:\\Users\\satis\\Documents\\git\\crm-app-test\\utils\\NotificationClient.js","statementMap":{"0":{"start":{"line":1,"column":15},"end":{"line":1,"column":49}},"1":{"start":{"line":3,"column":15},"end":{"line":3,"column":27}},"2":{"start":{"line":5,"column":0},"end":{"line":5,"column":23}},"3":{"start":{"line":7,"column":0},"end":{"line":32,"column":1}},"4":{"start":{"line":8,"column":24},"end":{"line":14,"column":5}},"5":{"start":{"line":16,"column":22},"end":{"line":18,"column":5}},"6":{"start":{"line":20,"column":17},"end":{"line":23,"column":5}},"7":{"start":{"line":25,"column":4},"end":{"line":31,"column":5}},"8":{"start":{"line":26,"column":8},"end":{"line":28,"column":10}},"9":{"start":{"line":27,"column":12},"end":{"line":27,"column":58}},"10":{"start":{"line":30,"column":8},"end":{"line":30,"column":34}}},"fnMap":{"0":{"name":"(anonymous_0)","decl":{"start":{"line":7,"column":20},"end":{"line":7,"column":21}},"loc":{"start":{"line":7,"column":75},"end":{"line":32,"column":1}},"line":7},"1":{"name":"(anonymous_1)","decl":{"start":{"line":26,"column":63},"end":{"line":26,"column":64}},"loc":{"start":{"line":26,"column":77},"end":{"line":28,"column":9}},"line":26}},"branchMap":{},"s":{"0":3,"1":3,"2":3,"3":3,"4":0,"5":0,"6":0,"7":0,"8":0,"9":0,"10":0},"f":{"0":0,"1":0},"b":{},"_coverageSchema":"1a1c01bbd47fc00a2c39e90264f33305004495a9","hash":"9733588ce62ada8df71fc4d8ed9dfefa2956fb4b"}
,"C:\\Users\\satis\\Documents\\git\\crm-app-test\\utils\\constants.js": {"path":"C:\\Users\\satis\\Documents\\git\\crm-app-test\\utils\\constants.js","statementMap":{"0":{"start":{"line":1,"column":0},"end":{"line":5,"column":1}},"1":{"start":{"line":7,"column":0},"end":{"line":11,"column":1}},"2":{"start":{"line":13,"column":0},"end":{"line":18,"column":1}}},"fnMap":{},"branchMap":{},"s":{"0":5,"1":5,"2":5},"f":{},"b":{},"_coverageSchema":"1a1c01bbd47fc00a2c39e90264f33305004495a9","hash":"a7397ebdaae5a9e1f1b4a1401828715a7ce5435a"}
,"C:\\Users\\satis\\Documents\\git\\crm-app-test\\utils\\isAdmin.js": {"path":"C:\\Users\\satis\\Documents\\git\\crm-app-test\\utils\\isAdmin.js","statementMap":{"0":{"start":{"line":1,"column":13},"end":{"line":1,"column":44}},"1":{"start":{"line":2,"column":22},"end":{"line":2,"column":51}},"2":{"start":{"line":4,"column":0},"end":{"line":16,"column":2}},"3":{"start":{"line":5,"column":17},"end":{"line":7,"column":6}},"4":{"start":{"line":8,"column":4},"end":{"line":15,"column":5}},"5":{"start":{"line":9,"column":8},"end":{"line":9,"column":15}},"6":{"start":{"line":11,"column":8},"end":{"line":13,"column":11}},"7":{"start":{"line":14,"column":8},"end":{"line":14,"column":15}}},"fnMap":{"0":{"name":"(anonymous_0)","decl":{"start":{"line":4,"column":18},"end":{"line":4,"column":19}},"loc":{"start":{"line":4,"column":44},"end":{"line":16,"column":1}},"line":4}},"branchMap":{"0":{"loc":{"start":{"line":8,"column":4},"end":{"line":15,"column":5}},"type":"if","locations":[{"start":{"line":8,"column":4},"end":{"line":15,"column":5}},{"start":{"line":10,"column":11},"end":{"line":15,"column":5}}],"line":8},"1":{"loc":{"start":{"line":8,"column":8},"end":{"line":8,"column":48}},"type":"binary-expr","locations":[{"start":{"line":8,"column":8},"end":{"line":8,"column":12}},{"start":{"line":8,"column":16},"end":{"line":8,"column":48}}],"line":8}},"s":{"0":2,"1":2,"2":2,"3":3,"4":3,"5":3,"6":0,"7":0},"f":{"0":3},"b":{"0":[3,0],"1":[3,3]},"_coverageSchema":"1a1c01bbd47fc00a2c39e90264f33305004495a9","hash":"2073ef7bdc0fde5c4b50e3fea03bcf32d9a0aa80"}
,"C:\\Users\\satis\\Documents\\git\\crm-app-test\\utils\\objectConvertor.js": {"path":"C:\\Users\\satis\\Documents\\git\\crm-app-test\\utils\\objectConvertor.js","statementMap":{"0":{"start":{"line":1,"column":0},"end":{"line":15,"column":1}},"1":{"start":{"line":3,"column":4},"end":{"line":3,"column":21}},"2":{"start":{"line":4,"column":4},"end":{"line":12,"column":7}},"3":{"start":{"line":5,"column":8},"end":{"line":11,"column":11}},"4":{"start":{"line":13,"column":4},"end":{"line":13,"column":23}},"5":{"start":{"line":17,"column":0},"end":{"line":29,"column":1}},"6":{"start":{"line":18,"column":4},"end":{"line":28,"column":5}},"7":{"start":{"line":31,"column":0},"end":{"line":47,"column":1}},"8":{"start":{"line":32,"column":4},"end":{"line":32,"column":22}},"9":{"start":{"line":33,"column":4},"end":{"line":45,"column":6}},"10":{"start":{"line":34,"column":8},"end":{"line":44,"column":10}},"11":{"start":{"line":46,"column":4},"end":{"line":46,"column":24}}},"fnMap":{"0":{"name":"(anonymous_0)","decl":{"start":{"line":1,"column":23},"end":{"line":1,"column":24}},"loc":{"start":{"line":1,"column":34},"end":{"line":15,"column":1}},"line":1},"1":{"name":"(anonymous_1)","decl":{"start":{"line":4,"column":18},"end":{"line":4,"column":19}},"loc":{"start":{"line":4,"column":26},"end":{"line":12,"column":5}},"line":4},"2":{"name":"(anonymous_2)","decl":{"start":{"line":17,"column":26},"end":{"line":17,"column":27}},"loc":{"start":{"line":17,"column":38},"end":{"line":29,"column":1}},"line":17},"3":{"name":"(anonymous_3)","decl":{"start":{"line":31,"column":30},"end":{"line":31,"column":31}},"loc":{"start":{"line":31,"column":43},"end":{"line":47,"column":1}},"line":31},"4":{"name":"(anonymous_4)","decl":{"start":{"line":33,"column":20},"end":{"line":33,"column":21}},"loc":{"start":{"line":33,"column":30},"end":{"line":45,"column":5}},"line":33}},"branchMap":{},"s":{"0":6,"1":2,"2":2,"3":2,"4":2,"5":6,"6":0,"7":6,"8":0,"9":0,"10":0,"11":0},"f":{"0":2,"1":2,"2":0,"3":0,"4":0},"b":{},"_coverageSchema":"1a1c01bbd47fc00a2c39e90264f33305004495a9","hash":"cc722b1fabb8b7f951169bff3c85054916ee470c"}
,"C:\\Users\\satis\\Documents\\git\\crm-app-test\\utils\\validateStatus.js": {"path":"C:\\Users\\satis\\Documents\\git\\crm-app-test\\utils\\validateStatus.js","statementMap":{"0":{"start":{"line":1,"column":25},"end":{"line":1,"column":47}},"1":{"start":{"line":3,"column":0},"end":{"line":14,"column":1}},"2":{"start":{"line":4,"column":19},"end":{"line":4,"column":34}},"3":{"start":{"line":6,"column":4},"end":{"line":13,"column":5}},"4":{"start":{"line":7,"column":8},"end":{"line":7,"column":15}},"5":{"start":{"line":10,"column":8},"end":{"line":12,"column":10}}},"fnMap":{"0":{"name":"(anonymous_0)","decl":{"start":{"line":3,"column":25},"end":{"line":3,"column":26}},"loc":{"start":{"line":3,"column":45},"end":{"line":14,"column":1}},"line":3}},"branchMap":{"0":{"loc":{"start":{"line":6,"column":4},"end":{"line":13,"column":5}},"type":"if","locations":[{"start":{"line":6,"column":4},"end":{"line":13,"column":5}},{"start":{"line":9,"column":9},"end":{"line":13,"column":5}}],"line":6}},"s":{"0":2,"1":2,"2":0,"3":0,"4":0,"5":0},"f":{"0":0},"b":{"0":[0,0]},"_coverageSchema":"1a1c01bbd47fc00a2c39e90264f33305004495a9","hash":"886b51fa8214f3b5fcefccb595baa813e8a1f685"}
,"C:\\Users\\satis\\Documents\\git\\crm-app-test\\utils\\validateTicketStatus.js": {"path":"C:\\Users\\satis\\Documents\\git\\crm-app-test\\utils\\validateTicketStatus.js","statementMap":{"0":{"start":{"line":4,"column":18},"end":{"line":4,"column":40}},"1":{"start":{"line":7,"column":0},"end":{"line":27,"column":2}},"2":{"start":{"line":10,"column":4},"end":{"line":15,"column":5}},"3":{"start":{"line":11,"column":8},"end":{"line":13,"column":11}},"4":{"start":{"line":14,"column":8},"end":{"line":14,"column":15}},"5":{"start":{"line":16,"column":4},"end":{"line":22,"column":5}},"6":{"start":{"line":18,"column":8},"end":{"line":20,"column":11}},"7":{"start":{"line":21,"column":8},"end":{"line":21,"column":15}},"8":{"start":{"line":24,"column":4},"end":{"line":24,"column":11}},"9":{"start":{"line":30,"column":0},"end":{"line":42,"column":1}},"10":{"start":{"line":32,"column":19},"end":{"line":32,"column":34}},"11":{"start":{"line":33,"column":24},"end":{"line":33,"column":151}},"12":{"start":{"line":34,"column":4},"end":{"line":39,"column":5}},"13":{"start":{"line":35,"column":8},"end":{"line":37,"column":11}},"14":{"start":{"line":38,"column":8},"end":{"line":38,"column":15}},"15":{"start":{"line":41,"column":4},"end":{"line":41,"column":11}},"16":{"start":{"line":44,"column":32},"end":{"line":48,"column":1}},"17":{"start":{"line":49,"column":0},"end":{"line":49,"column":40}}},"fnMap":{"0":{"name":"(anonymous_0)","decl":{"start":{"line":7,"column":28},"end":{"line":7,"column":29}},"loc":{"start":{"line":7,"column":54},"end":{"line":27,"column":1}},"line":7},"1":{"name":"(anonymous_1)","decl":{"start":{"line":30,"column":23},"end":{"line":30,"column":24}},"loc":{"start":{"line":30,"column":49},"end":{"line":42,"column":1}},"line":30}},"branchMap":{"0":{"loc":{"start":{"line":10,"column":4},"end":{"line":15,"column":5}},"type":"if","locations":[{"start":{"line":10,"column":4},"end":{"line":15,"column":5}},{"start":{},"end":{}}],"line":10},"1":{"loc":{"start":{"line":16,"column":4},"end":{"line":22,"column":5}},"type":"if","locations":[{"start":{"line":16,"column":4},"end":{"line":22,"column":5}},{"start":{},"end":{}}],"line":16},"2":{"loc":{"start":{"line":34,"column":4},"end":{"line":39,"column":5}},"type":"if","locations":[{"start":{"line":34,"column":4},"end":{"line":39,"column":5}},{"start":{},"end":{}}],"line":34},"3":{"loc":{"start":{"line":34,"column":8},"end":{"line":34,"column":47}},"type":"binary-expr","locations":[{"start":{"line":34,"column":8},"end":{"line":34,"column":14}},{"start":{"line":34,"column":18},"end":{"line":34,"column":47}}],"line":34}},"s":{"0":2,"1":2,"2":0,"3":0,"4":0,"5":0,"6":0,"7":0,"8":0,"9":2,"10":0,"11":0,"12":0,"13":0,"14":0,"15":0,"16":2,"17":2},"f":{"0":0,"1":0},"b":{"0":[0,0],"1":[0,0],"2":[0,0],"3":[0,0]},"_coverageSchema":"1a1c01bbd47fc00a2c39e90264f33305004495a9","hash":"5c5d82593843207a056f27e7a98ea1f8f74c4812"}
,"C:\\Users\\satis\\Documents\\git\\crm-app-test\\utils\\validateToken.js": {"path":"C:\\Users\\satis\\Documents\\git\\crm-app-test\\utils\\validateToken.js","statementMap":{"0":{"start":{"line":1,"column":10},"end":{"line":1,"column":33}},"1":{"start":{"line":2,"column":15},"end":{"line":2,"column":47}},"2":{"start":{"line":4,"column":0},"end":{"line":21,"column":2}},"3":{"start":{"line":5,"column":23},"end":{"line":5,"column":51}},"4":{"start":{"line":6,"column":18},"end":{"line":6,"column":56}},"5":{"start":{"line":7,"column":4},"end":{"line":11,"column":5}},"6":{"start":{"line":8,"column":8},"end":{"line":10,"column":11}},"7":{"start":{"line":12,"column":4},"end":{"line":20,"column":7}},"8":{"start":{"line":13,"column":8},"end":{"line":17,"column":9}},"9":{"start":{"line":14,"column":12},"end":{"line":16,"column":15}},"10":{"start":{"line":18,"column":8},"end":{"line":18,"column":32}},"11":{"start":{"line":19,"column":8},"end":{"line":19,"column":15}}},"fnMap":{"0":{"name":"(anonymous_0)","decl":{"start":{"line":4,"column":22},"end":{"line":4,"column":23}},"loc":{"start":{"line":4,"column":42},"end":{"line":21,"column":1}},"line":4},"1":{"name":"(anonymous_1)","decl":{"start":{"line":12,"column":37},"end":{"line":12,"column":38}},"loc":{"start":{"line":12,"column":55},"end":{"line":20,"column":5}},"line":12}},"branchMap":{"0":{"loc":{"start":{"line":6,"column":18},"end":{"line":6,"column":56}},"type":"binary-expr","locations":[{"start":{"line":6,"column":18},"end":{"line":6,"column":28}},{"start":{"line":6,"column":32},"end":{"line":6,"column":56}}],"line":6},"1":{"loc":{"start":{"line":7,"column":4},"end":{"line":11,"column":5}},"type":"if","locations":[{"start":{"line":7,"column":4},"end":{"line":11,"column":5}},{"start":{},"end":{}}],"line":7},"2":{"loc":{"start":{"line":13,"column":8},"end":{"line":17,"column":9}},"type":"if","locations":[{"start":{"line":13,"column":8},"end":{"line":17,"column":9}},{"start":{},"end":{}}],"line":13}},"s":{"0":2,"1":2,"2":2,"3":3,"4":3,"5":3,"6":0,"7":3,"8":3,"9":0,"10":3,"11":3},"f":{"0":3,"1":3},"b":{"0":[3,3],"1":[0,3],"2":[0,3]},"_coverageSchema":"1a1c01bbd47fc00a2c39e90264f33305004495a9","hash":"b9dea86881c66c77bec7524192368a00ed7a70a2"}
}
