{"C:\\Users\\satis\\Documents\\git\\crm-app-test\\config\\auth.config.js": {"path":"C:\\Users\\satis\\Documents\\git\\crm-app-test\\config\\auth.config.js","statementMap":{"0":{"start":{"line":1,"column":0},"end":{"line":1,"column":39}}},"fnMap":{},"branchMap":{},"s":{"0":2},"f":{},"b":{},"_coverageSchema":"1a1c01bbd47fc00a2c39e90264f33305004495a9","hash":"0085e25e0d3cc7a79eff5578d79af6f8b5ef87e9"}
,"C:\\Users\\satis\\Documents\\git\\crm-app-test\\controllers\\auth.controller.js": {"path":"C:\\Users\\satis\\Documents\\git\\crm-app-test\\controllers\\auth.controller.js","statementMap":{"0":{"start":{"line":1,"column":13},"end":{"line":1,"column":44}},"1":{"start":{"line":2,"column":22},"end":{"line":2,"column":51}},"2":{"start":{"line":3,"column":18},"end":{"line":3,"column":47}},"3":{"start":{"line":4,"column":13},"end":{"line":4,"column":32}},"4":{"start":{"line":5,"column":10},"end":{"line":5,"column":33}},"5":{"start":{"line":6,"column":15},"end":{"line":6,"column":47}},"6":{"start":{"line":8,"column":0},"end":{"line":53,"column":1}},"7":{"start":{"line":10,"column":21},"end":{"line":10,"column":40}},"8":{"start":{"line":11,"column":4},"end":{"line":17,"column":5}},"9":{"start":{"line":12,"column":8},"end":{"line":16,"column":9}},"10":{"start":{"line":13,"column":12},"end":{"line":13,"column":55}},"11":{"start":{"line":15,"column":12},"end":{"line":15,"column":54}},"12":{"start":{"line":20,"column":20},"end":{"line":30,"column":5}},"13":{"start":{"line":31,"column":4},"end":{"line":31,"column":30}},"14":{"start":{"line":33,"column":4},"end":{"line":52,"column":5}},"15":{"start":{"line":34,"column":28},"end":{"line":34,"column":54}},"16":{"start":{"line":35,"column":8},"end":{"line":35,"column":34}},"17":{"start":{"line":36,"column":29},"end":{"line":44,"column":9}},"18":{"start":{"line":46,"column":8},"end":{"line":46,"column":43}},"19":{"start":{"line":48,"column":8},"end":{"line":48,"column":75}},"20":{"start":{"line":49,"column":8},"end":{"line":51,"column":11}},"21":{"start":{"line":55,"column":0},"end":{"line":93,"column":1}},"22":{"start":{"line":56,"column":17},"end":{"line":56,"column":64}},"23":{"start":{"line":57,"column":4},"end":{"line":57,"column":22}},"24":{"start":{"line":58,"column":4},"end":{"line":64,"column":5}},"25":{"start":{"line":60,"column":8},"end":{"line":62,"column":11}},"26":{"start":{"line":63,"column":8},"end":{"line":63,"column":15}},"27":{"start":{"line":65,"column":4},"end":{"line":70,"column":5}},"28":{"start":{"line":66,"column":8},"end":{"line":68,"column":10}},"29":{"start":{"line":69,"column":8},"end":{"line":69,"column":15}},"30":{"start":{"line":72,"column":26},"end":{"line":75,"column":5}},"31":{"start":{"line":76,"column":4},"end":{"line":81,"column":5}},"32":{"start":{"line":77,"column":8},"end":{"line":80,"column":11}},"33":{"start":{"line":82,"column":16},"end":{"line":84,"column":6}},"34":{"start":{"line":85,"column":4},"end":{"line":92,"column":7}}},"fnMap":{"0":{"name":"(anonymous_0)","decl":{"start":{"line":8,"column":17},"end":{"line":8,"column":18}},"loc":{"start":{"line":8,"column":37},"end":{"line":53,"column":1}},"line":8},"1":{"name":"(anonymous_1)","decl":{"start":{"line":55,"column":17},"end":{"line":55,"column":18}},"loc":{"start":{"line":55,"column":37},"end":{"line":93,"column":1}},"line":55}},"branchMap":{"0":{"loc":{"start":{"line":11,"column":4},"end":{"line":17,"column":5}},"type":"if","locations":[{"start":{"line":11,"column":4},"end":{"line":17,"column":5}},{"start":{},"end":{}}],"line":11},"1":{"loc":{"start":{"line":12,"column":8},"end":{"line":16,"column":9}},"type":"if","locations":[{"start":{"line":12,"column":8},"end":{"line":16,"column":9}},{"start":{"line":14,"column":15},"end":{"line":16,"column":9}}],"line":12},"2":{"loc":{"start":{"line":12,"column":12},"end":{"line":12,"column":73}},"type":"binary-expr","locations":[{"start":{"line":12,"column":12},"end":{"line":12,"column":30}},{"start":{"line":12,"column":34},"end":{"line":12,"column":73}}],"line":12},"3":{"loc":{"start":{"line":58,"column":4},"end":{"line":64,"column":5}},"type":"if","locations":[{"start":{"line":58,"column":4},"end":{"line":64,"column":5}},{"start":{},"end":{}}],"line":58},"4":{"loc":{"start":{"line":65,"column":4},"end":{"line":70,"column":5}},"type":"if","locations":[{"start":{"line":65,"column":4},"end":{"line":70,"column":5}},{"start":{},"end":{}}],"line":65},"5":{"loc":{"start":{"line":76,"column":4},"end":{"line":81,"column":5}},"type":"if","locations":[{"start":{"line":76,"column":4},"end":{"line":81,"column":5}},{"start":{},"end":{}}],"line":76}},"s":{"0":2,"1":2,"2":2,"3":2,"4":2,"5":2,"6":2,"7":0,"8":0,"9":0,"10":0,"11":0,"12":0,"13":0,"14":0,"15":0,"16":0,"17":0,"18":0,"19":0,"20":0,"21":2,"22":0,"23":0,"24":0,"25":0,"26":0,"27":0,"28":0,"29":0,"30":0,"31":0,"32":0,"33":0,"34":0},"f":{"0":0,"1":0},"b":{"0":[0,0],"1":[0,0],"2":[0,0],"3":[0,0],"4":[0,0],"5":[0,0]},"_coverageSchema":"1a1c01bbd47fc00a2c39e90264f33305004495a9","hash":"5d127a7970709da171d14e6f9ec7b29b33287a1b"}
,"C:\\Users\\satis\\Documents\\git\\crm-app-test\\controllers\\findAll.controller.js": {"path":"C:\\Users\\satis\\Documents\\git\\crm-app-test\\controllers\\findAll.controller.js","statementMap":{"0":{"start":{"line":1,"column":13},"end":{"line":1,"column":44}},"1":{"start":{"line":2,"column":24},"end":{"line":2,"column":59}},"2":{"start":{"line":4,"column":0},"end":{"line":78,"column":1}},"3":{"start":{"line":6,"column":22},"end":{"line":6,"column":40}},"4":{"start":{"line":7,"column":24},"end":{"line":7,"column":44}},"5":{"start":{"line":8,"column":18},"end":{"line":8,"column":32}},"6":{"start":{"line":9,"column":4},"end":{"line":9,"column":26}},"7":{"start":{"line":11,"column":4},"end":{"line":69,"column":5}},"8":{"start":{"line":12,"column":8},"end":{"line":21,"column":9}},"9":{"start":{"line":13,"column":12},"end":{"line":15,"column":22}},"10":{"start":{"line":17,"column":12},"end":{"line":17,"column":86}},"11":{"start":{"line":18,"column":12},"end":{"line":20,"column":14}},"12":{"start":{"line":22,"column":11},"end":{"line":69,"column":5}},"13":{"start":{"line":23,"column":8},"end":{"line":33,"column":9}},"14":{"start":{"line":24,"column":12},"end":{"line":27,"column":22}},"15":{"start":{"line":29,"column":12},"end":{"line":29,"column":121}},"16":{"start":{"line":30,"column":12},"end":{"line":32,"column":14}},"17":{"start":{"line":34,"column":11},"end":{"line":69,"column":5}},"18":{"start":{"line":36,"column":8},"end":{"line":45,"column":9}},"19":{"start":{"line":37,"column":12},"end":{"line":39,"column":22}},"20":{"start":{"line":41,"column":12},"end":{"line":41,"column":88}},"21":{"start":{"line":42,"column":12},"end":{"line":44,"column":14}},"22":{"start":{"line":46,"column":11},"end":{"line":69,"column":5}},"23":{"start":{"line":48,"column":8},"end":{"line":58,"column":9}},"24":{"start":{"line":49,"column":12},"end":{"line":51,"column":22}},"25":{"start":{"line":54,"column":12},"end":{"line":54,"column":92}},"26":{"start":{"line":55,"column":12},"end":{"line":57,"column":14}},"27":{"start":{"line":60,"column":8},"end":{"line":68,"column":9}},"28":{"start":{"line":61,"column":12},"end":{"line":61,"column":45}},"29":{"start":{"line":64,"column":12},"end":{"line":64,"column":61}},"30":{"start":{"line":65,"column":12},"end":{"line":67,"column":14}},"31":{"start":{"line":71,"column":4},"end":{"line":77,"column":5}},"32":{"start":{"line":72,"column":8},"end":{"line":72,"column":66}},"33":{"start":{"line":74,"column":8},"end":{"line":76,"column":10}}},"fnMap":{"0":{"name":"(anonymous_0)","decl":{"start":{"line":4,"column":18},"end":{"line":4,"column":19}},"loc":{"start":{"line":4,"column":38},"end":{"line":78,"column":1}},"line":4}},"branchMap":{"0":{"loc":{"start":{"line":11,"column":4},"end":{"line":69,"column":5}},"type":"if","locations":[{"start":{"line":11,"column":4},"end":{"line":69,"column":5}},{"start":{"line":22,"column":11},"end":{"line":69,"column":5}}],"line":11},"1":{"loc":{"start":{"line":22,"column":11},"end":{"line":69,"column":5}},"type":"if","locations":[{"start":{"line":22,"column":11},"end":{"line":69,"column":5}},{"start":{"line":34,"column":11},"end":{"line":69,"column":5}}],"line":22},"2":{"loc":{"start":{"line":22,"column":15},"end":{"line":22,"column":43}},"type":"binary-expr","locations":[{"start":{"line":22,"column":15},"end":{"line":22,"column":26}},{"start":{"line":22,"column":30},"end":{"line":22,"column":43}}],"line":22},"3":{"loc":{"start":{"line":34,"column":11},"end":{"line":69,"column":5}},"type":"if","locations":[{"start":{"line":34,"column":11},"end":{"line":69,"column":5}},{"start":{"line":46,"column":11},"end":{"line":69,"column":5}}],"line":34},"4":{"loc":{"start":{"line":46,"column":11},"end":{"line":69,"column":5}},"type":"if","locations":[{"start":{"line":46,"column":11},"end":{"line":69,"column":5}},{"start":{"line":59,"column":11},"end":{"line":69,"column":5}}],"line":46},"5":{"loc":{"start":{"line":71,"column":4},"end":{"line":77,"column":5}},"type":"if","locations":[{"start":{"line":71,"column":4},"end":{"line":77,"column":5}},{"start":{"line":73,"column":11},"end":{"line":77,"column":5}}],"line":71}},"s":{"0":2,"1":2,"2":2,"3":1,"4":1,"5":1,"6":1,"7":1,"8":0,"9":0,"10":0,"11":0,"12":1,"13":0,"14":0,"15":0,"16":0,"17":1,"18":0,"19":0,"20":0,"21":0,"22":1,"23":0,"24":0,"25":0,"26":0,"27":1,"28":1,"29":0,"30":0,"31":1,"32":1,"33":0},"f":{"0":1},"b":{"0":[0,1],"1":[0,1],"2":[1,0],"3":[0,1],"4":[0,1],"5":[1,0]},"_coverageSchema":"1a1c01bbd47fc00a2c39e90264f33305004495a9","hash":"872b7470270208aca8d174938082b66eb51f3ff8"}
,"C:\\Users\\satis\\Documents\\git\\crm-app-test\\models\\user.model.js": {"path":"C:\\Users\\satis\\Documents\\git\\crm-app-test\\models\\user.model.js","statementMap":{"0":{"start":{"line":1,"column":17},"end":{"line":1,"column":36}},"1":{"start":{"line":3,"column":19},"end":{"line":56,"column":2}},"2":{"start":{"line":29,"column":12},"end":{"line":29,"column":30}},"3":{"start":{"line":35,"column":12},"end":{"line":35,"column":30}},"4":{"start":{"line":58,"column":0},"end":{"line":58,"column":52}}},"fnMap":{"0":{"name":"(anonymous_0)","decl":{"start":{"line":28,"column":17},"end":{"line":28,"column":18}},"loc":{"start":{"line":28,"column":23},"end":{"line":30,"column":9}},"line":28},"1":{"name":"(anonymous_1)","decl":{"start":{"line":34,"column":17},"end":{"line":34,"column":18}},"loc":{"start":{"line":34,"column":23},"end":{"line":36,"column":9}},"line":34}},"branchMap":{},"s":{"0":4,"1":4,"2":0,"3":0,"4":4},"f":{"0":0,"1":0},"b":{},"_coverageSchema":"1a1c01bbd47fc00a2c39e90264f33305004495a9","hash":"7509ee590f934fa270e0cd67aeb2e9d887293a12"}
,"C:\\Users\\satis\\Documents\\git\\crm-app-test\\tests\\db.js": {"path":"C:\\Users\\satis\\Documents\\git\\crm-app-test\\tests\\db.js","statementMap":{"0":{"start":{"line":1,"column":17},"end":{"line":1,"column":36}},"1":{"start":{"line":2,"column":28},"end":{"line":2,"column":60}},"2":{"start":{"line":6,"column":0},"end":{"line":12,"column":1}},"3":{"start":{"line":7,"column":4},"end":{"line":11,"column":5}},"4":{"start":{"line":8,"column":8},"end":{"line":8,"column":50}},"5":{"start":{"line":9,"column":20},"end":{"line":9,"column":35}},"6":{"start":{"line":10,"column":8},"end":{"line":10,"column":30}},"7":{"start":{"line":14,"column":0},"end":{"line":20,"column":1}},"8":{"start":{"line":15,"column":4},"end":{"line":15,"column":45}},"9":{"start":{"line":16,"column":4},"end":{"line":16,"column":38}},"10":{"start":{"line":17,"column":4},"end":{"line":19,"column":5}},"11":{"start":{"line":18,"column":8},"end":{"line":18,"column":28}},"12":{"start":{"line":22,"column":0},"end":{"line":28,"column":1}},"13":{"start":{"line":23,"column":24},"end":{"line":23,"column":55}},"14":{"start":{"line":24,"column":4},"end":{"line":27,"column":5}},"15":{"start":{"line":25,"column":27},"end":{"line":25,"column":43}},"16":{"start":{"line":26,"column":8},"end":{"line":26,"column":32}}},"fnMap":{"0":{"name":"(anonymous_0)","decl":{"start":{"line":6,"column":18},"end":{"line":6,"column":19}},"loc":{"start":{"line":6,"column":30},"end":{"line":12,"column":1}},"line":6},"1":{"name":"(anonymous_1)","decl":{"start":{"line":14,"column":24},"end":{"line":14,"column":25}},"loc":{"start":{"line":14,"column":36},"end":{"line":20,"column":1}},"line":14},"2":{"name":"(anonymous_2)","decl":{"start":{"line":22,"column":24},"end":{"line":22,"column":25}},"loc":{"start":{"line":22,"column":36},"end":{"line":28,"column":1}},"line":22}},"branchMap":{"0":{"loc":{"start":{"line":7,"column":4},"end":{"line":11,"column":5}},"type":"if","locations":[{"start":{"line":7,"column":4},"end":{"line":11,"column":5}},{"start":{},"end":{}}],"line":7},"1":{"loc":{"start":{"line":17,"column":4},"end":{"line":19,"column":5}},"type":"if","locations":[{"start":{"line":17,"column":4},"end":{"line":19,"column":5}},{"start":{},"end":{}}],"line":17}},"s":{"0":4,"1":4,"2":4,"3":0,"4":0,"5":0,"6":0,"7":4,"8":0,"9":0,"10":0,"11":0,"12":4,"13":0,"14":0,"15":0,"16":0},"f":{"0":0,"1":0,"2":0},"b":{"0":[0,0],"1":[0,0]},"_coverageSchema":"1a1c01bbd47fc00a2c39e90264f33305004495a9","hash":"57d33e6a1b554258305291cb847a1014e617df17"}
,"C:\\Users\\satis\\Documents\\git\\crm-app-test\\tests\\interceptor.js": {"path":"C:\\Users\\satis\\Documents\\git\\crm-app-test\\tests\\interceptor.js","statementMap":{"0":{"start":{"line":1,"column":0},"end":{"line":6,"column":1}},"1":{"start":{"line":2,"column":16},"end":{"line":2,"column":18}},"2":{"start":{"line":3,"column":4},"end":{"line":3,"column":46}},"3":{"start":{"line":4,"column":4},"end":{"line":4,"column":48}},"4":{"start":{"line":5,"column":4},"end":{"line":5,"column":15}},"5":{"start":{"line":8,"column":0},"end":{"line":14,"column":1}},"6":{"start":{"line":9,"column":16},"end":{"line":9,"column":18}},"7":{"start":{"line":10,"column":4},"end":{"line":10,"column":48}},"8":{"start":{"line":11,"column":4},"end":{"line":11,"column":46}},"9":{"start":{"line":12,"column":4},"end":{"line":12,"column":46}},"10":{"start":{"line":13,"column":4},"end":{"line":13,"column":15}}},"fnMap":{"0":{"name":"(anonymous_0)","decl":{"start":{"line":1,"column":22},"end":{"line":1,"column":23}},"loc":{"start":{"line":1,"column":28},"end":{"line":6,"column":1}},"line":1},"1":{"name":"(anonymous_1)","decl":{"start":{"line":8,"column":23},"end":{"line":8,"column":24}},"loc":{"start":{"line":8,"column":29},"end":{"line":14,"column":1}},"line":8}},"branchMap":{},"s":{"0":4,"1":1,"2":1,"3":1,"4":1,"5":4,"6":1,"7":1,"8":1,"9":1,"10":1},"f":{"0":1,"1":1},"b":{},"_coverageSchema":"1a1c01bbd47fc00a2c39e90264f33305004495a9","hash":"11e7cf1410ccf077546d57e9bde6aed79933771f"}
,"C:\\Users\\satis\\Documents\\git\\crm-app-test\\utils\\constants.js": {"path":"C:\\Users\\satis\\Documents\\git\\crm-app-test\\utils\\constants.js","statementMap":{"0":{"start":{"line":1,"column":0},"end":{"line":5,"column":1}},"1":{"start":{"line":7,"column":0},"end":{"line":11,"column":1}},"2":{"start":{"line":13,"column":0},"end":{"line":18,"column":1}}},"fnMap":{},"branchMap":{},"s":{"0":2,"1":2,"2":2},"f":{},"b":{},"_coverageSchema":"1a1c01bbd47fc00a2c39e90264f33305004495a9","hash":"a7397ebdaae5a9e1f1b4a1401828715a7ce5435a"}
,"C:\\Users\\satis\\Documents\\git\\crm-app-test\\utils\\objectConvertor.js": {"path":"C:\\Users\\satis\\Documents\\git\\crm-app-test\\utils\\objectConvertor.js","statementMap":{"0":{"start":{"line":1,"column":0},"end":{"line":15,"column":1}},"1":{"start":{"line":3,"column":4},"end":{"line":3,"column":21}},"2":{"start":{"line":4,"column":4},"end":{"line":12,"column":7}},"3":{"start":{"line":5,"column":8},"end":{"line":11,"column":11}},"4":{"start":{"line":13,"column":4},"end":{"line":13,"column":23}},"5":{"start":{"line":17,"column":0},"end":{"line":29,"column":1}},"6":{"start":{"line":18,"column":4},"end":{"line":28,"column":5}},"7":{"start":{"line":31,"column":0},"end":{"line":47,"column":1}},"8":{"start":{"line":32,"column":4},"end":{"line":32,"column":22}},"9":{"start":{"line":33,"column":4},"end":{"line":45,"column":6}},"10":{"start":{"line":34,"column":8},"end":{"line":44,"column":10}},"11":{"start":{"line":46,"column":4},"end":{"line":46,"column":24}}},"fnMap":{"0":{"name":"(anonymous_0)","decl":{"start":{"line":1,"column":23},"end":{"line":1,"column":24}},"loc":{"start":{"line":1,"column":34},"end":{"line":15,"column":1}},"line":1},"1":{"name":"(anonymous_1)","decl":{"start":{"line":4,"column":18},"end":{"line":4,"column":19}},"loc":{"start":{"line":4,"column":26},"end":{"line":12,"column":5}},"line":4},"2":{"name":"(anonymous_2)","decl":{"start":{"line":17,"column":26},"end":{"line":17,"column":27}},"loc":{"start":{"line":17,"column":38},"end":{"line":29,"column":1}},"line":17},"3":{"name":"(anonymous_3)","decl":{"start":{"line":31,"column":30},"end":{"line":31,"column":31}},"loc":{"start":{"line":31,"column":43},"end":{"line":47,"column":1}},"line":31},"4":{"name":"(anonymous_4)","decl":{"start":{"line":33,"column":20},"end":{"line":33,"column":21}},"loc":{"start":{"line":33,"column":30},"end":{"line":45,"column":5}},"line":33}},"branchMap":{},"s":{"0":2,"1":1,"2":1,"3":1,"4":1,"5":2,"6":0,"7":2,"8":0,"9":0,"10":0,"11":0},"f":{"0":1,"1":1,"2":0,"3":0,"4":0},"b":{},"_coverageSchema":"1a1c01bbd47fc00a2c39e90264f33305004495a9","hash":"cc722b1fabb8b7f951169bff3c85054916ee470c"}
}
