TN:
SF:config\auth.config.js
FNF:0
FNH:0
DA:1,2
LF:1
LH:1
BRF:0
BRH:0
end_of_record
TN:
SF:controllers\auth.controller.js
FN:8,(anonymous_0)
FN:55,(anonymous_1)
FNF:2
FNH:0
FNDA:0,(anonymous_0)
FNDA:0,(anonymous_1)
DA:1,2
DA:2,2
DA:3,2
DA:4,2
DA:5,2
DA:6,2
DA:8,2
DA:10,0
DA:11,0
DA:12,0
DA:13,0
DA:15,0
DA:20,0
DA:31,0
DA:33,0
DA:34,0
DA:35,0
DA:36,0
DA:46,0
DA:48,0
DA:49,0
DA:55,2
DA:56,0
DA:57,0
DA:58,0
DA:60,0
DA:63,0
DA:65,0
DA:66,0
DA:69,0
DA:72,0
DA:76,0
DA:77,0
DA:82,0
DA:85,0
LF:35
LH:8
BRDA:11,0,0,0
BRDA:11,0,1,0
BRDA:12,1,0,0
BRDA:12,1,1,0
BRDA:12,2,0,0
BRDA:12,2,1,0
BRDA:58,3,0,0
BRDA:58,3,1,0
BRDA:65,4,0,0
BRDA:65,4,1,0
BRDA:76,5,0,0
BRDA:76,5,1,0
BRF:12
BRH:0
end_of_record
TN:
SF:controllers\findAll.controller.js
FN:4,(anonymous_0)
FNF:1
FNH:1
FNDA:1,(anonymous_0)
DA:1,2
DA:2,2
DA:4,2
DA:6,1
DA:7,1
DA:8,1
DA:9,1
DA:11,1
DA:12,0
DA:13,0
DA:17,0
DA:18,0
DA:22,1
DA:23,0
DA:24,0
DA:29,0
DA:30,0
DA:34,1
DA:36,0
DA:37,0
DA:41,0
DA:42,0
DA:46,1
DA:48,0
DA:49,0
DA:54,0
DA:55,0
DA:60,1
DA:61,1
DA:64,0
DA:65,0
DA:71,1
DA:72,1
DA:74,0
LF:34
LH:15
BRDA:11,0,0,0
BRDA:11,0,1,1
BRDA:22,1,0,0
BRDA:22,1,1,1
BRDA:22,2,0,1
BRDA:22,2,1,0
BRDA:34,3,0,0
BRDA:34,3,1,1
BRDA:46,4,0,0
BRDA:46,4,1,1
BRDA:71,5,0,1
BRDA:71,5,1,0
BRF:12
BRH:6
end_of_record
TN:
SF:models\user.model.js
FN:28,(anonymous_0)
FN:34,(anonymous_1)
FNF:2
FNH:0
FNDA:0,(anonymous_0)
FNDA:0,(anonymous_1)
DA:1,4
DA:3,4
DA:29,0
DA:35,0
DA:58,4
LF:5
LH:3
BRF:0
BRH:0
end_of_record
TN:
SF:tests\db.js
FN:6,(anonymous_0)
FN:14,(anonymous_1)
FN:22,(anonymous_2)
FNF:3
FNH:0
FNDA:0,(anonymous_0)
FNDA:0,(anonymous_1)
FNDA:0,(anonymous_2)
DA:1,4
DA:2,4
DA:6,4
DA:7,0
DA:8,0
DA:9,0
DA:10,0
DA:14,4
DA:15,0
DA:16,0
DA:17,0
DA:18,0
DA:22,4
DA:23,0
DA:24,0
DA:25,0
DA:26,0
LF:17
LH:5
BRDA:7,0,0,0
BRDA:7,0,1,0
BRDA:17,1,0,0
BRDA:17,1,1,0
BRF:4
BRH:0
end_of_record
TN:
SF:tests\interceptor.js
FN:1,(anonymous_0)
FN:8,(anonymous_1)
FNF:2
FNH:2
FNDA:1,(anonymous_0)
FNDA:1,(anonymous_1)
DA:1,4
DA:2,1
DA:3,1
DA:4,1
DA:5,1
DA:8,4
DA:9,1
DA:10,1
DA:11,1
DA:12,1
DA:13,1
LF:11
LH:11
BRF:0
BRH:0
end_of_record
TN:
SF:utils\constants.js
FNF:0
FNH:0
DA:1,2
DA:7,2
DA:13,2
LF:3
LH:3
BRF:0
BRH:0
end_of_record
TN:
SF:utils\objectConvertor.js
FN:1,(anonymous_0)
FN:4,(anonymous_1)
FN:17,(anonymous_2)
FN:31,(anonymous_3)
FN:33,(anonymous_4)
FNF:5
FNH:2
FNDA:1,(anonymous_0)
FNDA:1,(anonymous_1)
FNDA:0,(anonymous_2)
FNDA:0,(anonymous_3)
FNDA:0,(anonymous_4)
DA:1,2
DA:3,1
DA:4,1
DA:5,1
DA:13,1
DA:17,2
DA:18,0
DA:31,2
DA:32,0
DA:33,0
DA:34,0
DA:46,0
LF:12
LH:7
BRF:0
BRH:0
end_of_record
