TN:
SF:server.js
FN:13,(anonymous_0)
FN:16,(anonymous_1)
FN:24,(anonymous_2)
FNF:3
FNH:2
FNDA:0,(anonymous_0)
FNDA:2,(anonymous_1)
FNDA:2,(anonymous_2)
DA:1,2
DA:2,2
DA:3,2
DA:4,2
DA:5,2
DA:6,2
DA:8,2
DA:10,2
DA:12,2
DA:13,2
DA:14,0
DA:16,2
DA:17,2
DA:20,2
DA:22,2
DA:24,2
DA:25,2
LF:17
LH:16
BRF:0
BRH:0
end_of_record
TN:
SF:config\auth.config.js
FNF:0
FNH:0
DA:1,4
LF:1
LH:1
BRF:0
BRH:0
end_of_record
TN:
SF:config\db.config.js
FNF:0
FNH:0
DA:1,2
LF:1
LH:1
BRDA:3,0,0,2
BRDA:3,0,1,0
BRF:2
BRH:1
end_of_record
TN:
SF:config\server.config.js
FNF:0
FNH:0
DA:1,2
DA:2,2
DA:5,2
LF:3
LH:3
BRDA:1,0,0,2
BRDA:1,0,1,0
BRF:2
BRH:1
end_of_record
TN:
SF:controllers\auth.controller.js
FN:8,(anonymous_0)
FN:55,(anonymous_1)
FNF:2
FNH:2
FNDA:1,(anonymous_0)
FNDA:1,(anonymous_1)
DA:1,4
DA:2,4
DA:3,4
DA:4,4
DA:5,4
DA:6,4
DA:8,4
DA:10,1
DA:11,1
DA:12,1
DA:13,1
DA:15,0
DA:20,1
DA:31,1
DA:33,1
DA:34,1
DA:35,1
DA:36,1
DA:46,1
DA:48,0
DA:49,0
DA:55,4
DA:56,1
DA:57,1
DA:58,1
DA:60,0
DA:63,0
DA:65,1
DA:66,0
DA:69,0
DA:72,1
DA:76,1
DA:77,0
DA:82,1
DA:85,1
LF:35
LH:27
BRDA:11,0,0,1
BRDA:11,0,1,0
BRDA:12,1,0,1
BRDA:12,1,1,0
BRDA:12,2,0,1
BRDA:12,2,1,1
BRDA:58,3,0,0
BRDA:58,3,1,1
BRDA:65,4,0,0
BRDA:65,4,1,1
BRDA:76,5,0,0
BRDA:76,5,1,1
BRF:12
BRH:7
end_of_record
TN:
SF:controllers\findAll.controller.js
FN:4,(anonymous_0)
FNF:1
FNH:1
FNDA:1,(anonymous_0)
DA:1,4
DA:2,4
DA:4,4
DA:6,1
DA:7,1
DA:8,1
DA:9,1
DA:11,1
DA:12,0
DA:13,0
DA:17,0
DA:18,0
DA:22,1
DA:23,0
DA:24,0
DA:29,0
DA:30,0
DA:34,1
DA:36,1
DA:37,1
DA:41,0
DA:42,0
DA:46,0
DA:48,0
DA:49,0
DA:54,0
DA:55,0
DA:60,0
DA:61,0
DA:64,0
DA:65,0
DA:71,1
DA:72,1
DA:74,0
LF:34
LH:14
BRDA:11,0,0,0
BRDA:11,0,1,1
BRDA:22,1,0,0
BRDA:22,1,1,1
BRDA:22,2,0,1
BRDA:22,2,1,1
BRDA:34,3,0,1
BRDA:34,3,1,0
BRDA:46,4,0,0
BRDA:46,4,1,0
BRDA:71,5,0,1
BRDA:71,5,1,0
BRF:12
BRH:6
end_of_record
TN:
SF:controllers\findById.controller.js
FN:4,(anonymous_0)
FNF:1
FNH:1
FNDA:1,(anonymous_0)
DA:1,3
DA:2,3
DA:4,3
DA:5,1
DA:6,1
DA:8,1
DA:11,1
DA:12,1
DA:14,0
DA:19,0
DA:20,0
LF:11
LH:8
BRDA:11,0,0,1
BRDA:11,0,1,0
BRF:2
BRH:1
end_of_record
TN:
SF:controllers\ticket.controller.js
FN:7,(anonymous_0)
FN:76,(anonymous_1)
FN:111,(anonymous_2)
FN:125,(anonymous_3)
FNF:4
FNH:0
FNDA:0,(anonymous_0)
FNDA:0,(anonymous_1)
FNDA:0,(anonymous_2)
FNDA:0,(anonymous_3)
DA:1,3
DA:2,3
DA:3,3
DA:4,3
DA:5,3
DA:7,3
DA:10,0
DA:18,0
DA:19,0
DA:25,0
DA:31,0
DA:33,0
DA:34,0
DA:36,0
DA:37,0
DA:41,0
DA:42,0
DA:45,0
DA:47,0
DA:48,0
DA:49,0
DA:52,0
DA:54,0
DA:59,0
DA:67,0
DA:70,0
DA:76,3
DA:78,0
DA:79,0
DA:81,0
DA:86,0
DA:87,0
DA:89,0
DA:92,0
DA:93,0
DA:95,0
DA:96,0
DA:100,0
DA:101,0
DA:103,0
DA:108,0
DA:111,3
DA:112,0
DA:113,0
DA:117,0
DA:119,0
DA:125,3
DA:126,0
DA:127,0
DA:129,0
DA:131,0
DA:137,0
DA:139,0
DA:144,0
DA:152,0
DA:155,0
DA:160,0
LF:57
LH:9
BRDA:36,0,0,0
BRDA:36,0,1,0
BRDA:41,1,0,0
BRDA:41,1,1,0
BRDA:48,2,0,0
BRDA:48,2,1,0
BRDA:87,3,0,0
BRDA:87,3,1,0
BRDA:92,4,0,0
BRDA:92,4,1,0
BRDA:95,5,0,0
BRDA:95,5,1,0
BRDA:131,6,0,0
BRDA:131,6,1,0
BRDA:132,7,0,0
BRDA:132,7,1,0
BRDA:132,7,2,0
BRDA:137,8,0,0
BRDA:137,8,1,0
BRF:19
BRH:0
end_of_record
TN:
SF:controllers\update.controller.js
FN:3,(anonymous_0)
FNF:1
FNH:1
FNDA:1,(anonymous_0)
DA:1,3
DA:3,3
DA:4,1
DA:5,1
DA:6,1
DA:13,1
DA:17,0
DA:18,0
LF:8
LH:6
BRF:0
BRH:0
end_of_record
TN:
SF:models\ticket.model.js
FN:26,(anonymous_0)
FN:32,(anonymous_1)
FNF:2
FNH:0
FNDA:0,(anonymous_0)
FNDA:0,(anonymous_1)
DA:1,3
DA:3,3
DA:27,0
DA:33,0
DA:39,3
LF:5
LH:3
BRF:0
BRH:0
end_of_record
TN:
SF:models\user.model.js
FN:28,(anonymous_0)
FN:34,(anonymous_1)
FNF:2
FNH:2
FNDA:2,(anonymous_0)
FNDA:2,(anonymous_1)
DA:1,9
DA:3,9
DA:29,2
DA:35,2
DA:58,9
LF:5
LH:5
BRF:0
BRH:0
end_of_record
TN:
SF:routes\api.js
FNF:0
FNH:0
DA:1,2
DA:2,2
DA:4,2
DA:7,2
DA:9,2
LF:5
LH:5
BRF:0
BRH:0
end_of_record
TN:
SF:routes\auth.routes.js
FN:11,(anonymous_0)
FN:12,(anonymous_1)
FNF:2
FNH:2
FNDA:2,(anonymous_0)
FNDA:5,(anonymous_1)
DA:1,2
DA:2,2
DA:3,2
DA:4,2
DA:5,2
DA:6,2
DA:7,2
DA:8,2
DA:9,2
DA:11,2
DA:12,2
DA:13,5
DA:14,5
DA:16,2
DA:18,2
DA:20,2
DA:22,2
DA:24,2
DA:26,2
DA:28,2
DA:30,2
DA:32,2
LF:22
LH:22
BRF:0
BRH:0
end_of_record
TN:
SF:tests\db.js
FN:6,(anonymous_0)
FN:14,(anonymous_1)
FN:22,(anonymous_2)
FNF:3
FNH:2
FNDA:0,(anonymous_0)
FNDA:2,(anonymous_1)
FNDA:2,(anonymous_2)
DA:1,7
DA:2,7
DA:6,7
DA:7,0
DA:8,0
DA:9,0
DA:10,0
DA:14,7
DA:15,2
DA:16,2
DA:17,2
DA:18,0
DA:22,7
DA:23,2
DA:24,2
DA:25,4
DA:26,4
LF:17
LH:12
BRDA:7,0,0,0
BRDA:7,0,1,0
BRDA:17,1,0,0
BRDA:17,1,1,2
BRF:4
BRH:1
end_of_record
TN:
SF:tests\interceptor.js
FN:1,(anonymous_0)
FN:8,(anonymous_1)
FNF:2
FNH:0
FNDA:0,(anonymous_0)
FNDA:0,(anonymous_1)
DA:1,7
DA:2,0
DA:3,0
DA:4,0
DA:5,0
DA:8,7
DA:9,0
DA:10,0
DA:11,0
DA:12,0
DA:13,0
LF:11
LH:2
BRF:0
BRH:0
end_of_record
TN:
SF:utils\NotificationClient.js
FN:7,(anonymous_0)
FN:26,(anonymous_1)
FNF:2
FNH:0
FNDA:0,(anonymous_0)
FNDA:0,(anonymous_1)
DA:1,3
DA:3,3
DA:5,3
DA:7,3
DA:8,0
DA:16,0
DA:20,0
DA:25,0
DA:26,0
DA:27,0
DA:30,0
LF:11
LH:4
BRF:0
BRH:0
end_of_record
TN:
SF:utils\constants.js
FNF:0
FNH:0
DA:1,5
DA:7,5
DA:13,5
LF:3
LH:3
BRF:0
BRH:0
end_of_record
TN:
SF:utils\isAdmin.js
FN:4,(anonymous_0)
FNF:1
FNH:1
FNDA:3,(anonymous_0)
DA:1,2
DA:2,2
DA:4,2
DA:5,3
DA:8,3
DA:9,3
DA:11,0
DA:14,0
LF:8
LH:6
BRDA:8,0,0,3
BRDA:8,0,1,0
BRDA:8,1,0,3
BRDA:8,1,1,3
BRF:4
BRH:3
end_of_record
TN:
SF:utils\objectConvertor.js
FN:1,(anonymous_0)
FN:4,(anonymous_1)
FN:17,(anonymous_2)
FN:31,(anonymous_3)
FN:33,(anonymous_4)
FNF:5
FNH:2
FNDA:2,(anonymous_0)
FNDA:2,(anonymous_1)
FNDA:0,(anonymous_2)
FNDA:0,(anonymous_3)
FNDA:0,(anonymous_4)
DA:1,6
DA:3,2
DA:4,2
DA:5,2
DA:13,2
DA:17,6
DA:18,0
DA:31,6
DA:32,0
DA:33,0
DA:34,0
DA:46,0
LF:12
LH:7
BRF:0
BRH:0
end_of_record
TN:
SF:utils\validateStatus.js
FN:3,(anonymous_0)
FNF:1
FNH:0
FNDA:0,(anonymous_0)
DA:1,2
DA:3,2
DA:4,0
DA:6,0
DA:7,0
DA:10,0
LF:6
LH:2
BRDA:6,0,0,0
BRDA:6,0,1,0
BRF:2
BRH:0
end_of_record
TN:
SF:utils\validateTicketStatus.js
FN:7,(anonymous_0)
FN:30,(anonymous_1)
FNF:2
FNH:0
FNDA:0,(anonymous_0)
FNDA:0,(anonymous_1)
DA:4,2
DA:7,2
DA:10,0
DA:11,0
DA:14,0
DA:16,0
DA:18,0
DA:21,0
DA:24,0
DA:30,2
DA:32,0
DA:33,0
DA:34,0
DA:35,0
DA:38,0
DA:41,0
DA:44,2
DA:49,2
LF:18
LH:5
BRDA:10,0,0,0
BRDA:10,0,1,0
BRDA:16,1,0,0
BRDA:16,1,1,0
BRDA:34,2,0,0
BRDA:34,2,1,0
BRDA:34,3,0,0
BRDA:34,3,1,0
BRF:8
BRH:0
end_of_record
TN:
SF:utils\validateToken.js
FN:4,(anonymous_0)
FN:12,(anonymous_1)
FNF:2
FNH:2
FNDA:3,(anonymous_0)
FNDA:3,(anonymous_1)
DA:1,2
DA:2,2
DA:4,2
DA:5,3
DA:6,3
DA:7,3
DA:8,0
DA:12,3
DA:13,3
DA:14,0
DA:18,3
DA:19,3
LF:12
LH:10
BRDA:6,0,0,3
BRDA:6,0,1,3
BRDA:7,1,0,0
BRDA:7,1,1,3
BRDA:13,2,0,0
BRDA:13,2,1,3
BRF:6
BRH:4
end_of_record
